<?xml version="1.0" encoding="UTF-8"?>
<testng-results ignored="0" total="1" passed="1" failed="0" skipped="0">
  <reporter-output>
  </reporter-output>
  <suite started-at="2025-03-07T20:05:29 IST" name="Default suite" finished-at="2025-03-07T20:05:37 IST" duration-ms="8024">
    <groups>
      <group name="cucumber">
        <method signature="AbstractTestNGCucumberTests.runScenario(io.cucumber.testng.PickleWrapper,io.cucumber.testng.FeatureWrapper)[pri:0, instance:TestRunnerEx8.TestRunnerEx8@4659191b]" name="runScenario" class="io.cucumber.testng.AbstractTestNGCucumberTests"/>
      </group> <!-- cucumber -->
    </groups>
    <test started-at="2025-03-07T20:05:29 IST" name="Default test" finished-at="2025-03-07T20:05:37 IST" duration-ms="8024">
      <class name="TestRunnerEx8.TestRunnerEx8">
        <test-method is-config="true" signature="setUpClass(org.testng.ITestContext)[pri:0, instance:TestRunnerEx8.TestRunnerEx8@4659191b]" started-at="2025-03-07T20:05:29 IST" name="setUpClass" finished-at="2025-03-07T20:05:30 IST" duration-ms="592" status="PASS">
          <params>
            <param index="0">
              <value>
                <![CDATA[org.testng.TestRunner@1c6c6f24]]>
              </value>
            </param>
          </params>
          <reporter-output>
          </reporter-output>
        </test-method> <!-- setUpClass -->
        <test-method signature="runScenario(io.cucumber.testng.PickleWrapper,io.cucumber.testng.FeatureWrapper)[pri:0, instance:TestRunnerEx8.TestRunnerEx8@4659191b]" started-at="2025-03-07T20:05:30 IST" name="runScenario" description="Runs Cucumber Scenarios" data-provider="scenarios" finished-at="2025-03-07T20:05:37 IST" duration-ms="7348" status="PASS">
          <params>
            <param index="0">
              <value>
                <![CDATA["User applies product filters"]]>
              </value>
            </param>
            <param index="1">
              <value>
                <![CDATA["Product Filter"]]>
              </value>
            </param>
          </params>
          <reporter-output>
          </reporter-output>
        </test-method> <!-- runScenario -->
        <test-method is-config="true" signature="tearDownClass()[pri:0, instance:TestRunnerEx8.TestRunnerEx8@4659191b]" started-at="2025-03-07T20:05:37 IST" name="tearDownClass" finished-at="2025-03-07T20:05:37 IST" duration-ms="39" status="PASS">
          <reporter-output>
          </reporter-output>
        </test-method> <!-- tearDownClass -->
      </class> <!-- TestRunnerEx8.TestRunnerEx8 -->
    </test> <!-- Default test -->
  </suite> <!-- Default suite -->
</testng-results>
